2021-12-13 00:05:17.673 [main] DEBUG com.duobiao.Iwqluser - Cache Hit Ratio [com.duobiao.Iwqluser]: 0.0
2021-12-13 00:05:17.844 [main] DEBUG com.duobiao.Iwqluser.select2 - ==>  Preparing: select id,name,age,xb,bmid from prople where id=? 
2021-12-13 00:05:17.863 [main] DEBUG com.duobiao.Iwqluser.select2 - ==> Parameters: 1(Integer)
2021-12-13 00:05:17.911 [main] DEBUG com.duobiao.Iwqluser.select2 - <==      Total: 1
2021-12-13 00:05:17.911 [main] DEBUG com.duobiao.Iwqluser - Cache Hit Ratio [com.duobiao.Iwqluser]: 0.0
2021-12-13 00:05:17.911 [main] DEBUG com.duobiao.Iwqluser.select3 - ==>  Preparing: select * from bm where id=? 
2021-12-13 00:05:17.911 [main] DEBUG com.duobiao.Iwqluser.select3 - ==> Parameters: 1(Integer)
2021-12-13 00:05:17.912 [main] DEBUG com.duobiao.Iwqluser.select3 - <==      Total: 1
2021-12-13 00:05:17.919 [main] DEBUG com.duobiao.Iwqluser - Cache Hit Ratio [com.duobiao.Iwqluser]: 0.3333333333333333
2021-12-13 14:43:47.466 [main] DEBUG org.mybatis.generator.logging.LogFactory - Logging initialized using 'org.mybatis.generator.logging.slf4j.Slf4jLoggingLogFactory@5bcab519' adapter.
2021-12-13 14:43:47.470 [main] DEBUG org.mybatis.generator.internal.db.DatabaseIntrospector - Retrieving column information for table "bm"
2021-12-13 14:43:47.482 [main] DEBUG org.mybatis.generator.internal.db.DatabaseIntrospector - Found column "id", data type 4, in table "managementsystem..bm"
2021-12-13 14:43:47.483 [main] DEBUG org.mybatis.generator.internal.db.DatabaseIntrospector - Found column "branch", data type 12, in table "managementsystem..bm"
2021-12-13 14:43:47.491 [main] DEBUG org.mybatis.generator.internal.db.DatabaseIntrospector - Retrieving column information for table "employee"
2021-12-13 14:43:47.496 [main] DEBUG org.mybatis.generator.internal.db.DatabaseIntrospector - Found column "id", data type 4, in table "managementsystem..employee"
2021-12-13 14:43:47.496 [main] DEBUG org.mybatis.generator.internal.db.DatabaseIntrospector - Found column "name", data type 12, in table "managementsystem..employee"
2021-12-13 14:43:47.496 [main] DEBUG org.mybatis.generator.internal.db.DatabaseIntrospector - Found column "bmid", data type 4, in table "managementsystem..employee"
2021-12-13 14:43:47.496 [main] DEBUG org.mybatis.generator.internal.db.DatabaseIntrospector - Found column "gender", data type 12, in table "managementsystem..employee"
2021-12-13 14:43:47.497 [main] DEBUG org.mybatis.generator.internal.db.DatabaseIntrospector - Found column "age", data type 4, in table "managementsystem..employee"
2021-12-13 14:43:47.497 [main] DEBUG org.mybatis.generator.internal.db.DatabaseIntrospector - Found column "phone", data type 12, in table "managementsystem..employee"
2021-12-13 14:43:47.497 [main] DEBUG org.mybatis.generator.internal.db.DatabaseIntrospector - Found column "addr", data type 12, in table "managementsystem..employee"
2021-12-13 14:52:33.916 [main] DEBUG org.mybatis.generator.logging.LogFactory - Logging initialized using 'org.mybatis.generator.logging.slf4j.Slf4jLoggingLogFactory@5bcab519' adapter.
2021-12-13 14:52:33.918 [main] DEBUG org.mybatis.generator.internal.db.DatabaseIntrospector - Retrieving column information for table "bm"
2021-12-13 14:52:33.927 [main] DEBUG org.mybatis.generator.internal.db.DatabaseIntrospector - Found column "id", data type 4, in table "managementsystem..bm"
2021-12-13 14:52:33.927 [main] DEBUG org.mybatis.generator.internal.db.DatabaseIntrospector - Found column "branch", data type 12, in table "managementsystem..bm"
2021-12-13 14:52:33.933 [main] DEBUG org.mybatis.generator.internal.db.DatabaseIntrospector - Retrieving column information for table "employee"
2021-12-13 14:52:33.936 [main] DEBUG org.mybatis.generator.internal.db.DatabaseIntrospector - Found column "id", data type 4, in table "managementsystem..employee"
2021-12-13 14:52:33.937 [main] DEBUG org.mybatis.generator.internal.db.DatabaseIntrospector - Found column "name", data type 12, in table "managementsystem..employee"
2021-12-13 14:52:33.937 [main] DEBUG org.mybatis.generator.internal.db.DatabaseIntrospector - Found column "bmid", data type 4, in table "managementsystem..employee"
2021-12-13 14:52:33.937 [main] DEBUG org.mybatis.generator.internal.db.DatabaseIntrospector - Found column "gender", data type 12, in table "managementsystem..employee"
2021-12-13 14:52:33.937 [main] DEBUG org.mybatis.generator.internal.db.DatabaseIntrospector - Found column "age", data type 4, in table "managementsystem..employee"
2021-12-13 14:52:33.937 [main] DEBUG org.mybatis.generator.internal.db.DatabaseIntrospector - Found column "phone", data type 12, in table "managementsystem..employee"
2021-12-13 14:52:33.937 [main] DEBUG org.mybatis.generator.internal.db.DatabaseIntrospector - Found column "addr", data type 12, in table "managementsystem..employee"
2021-12-13 14:54:21.065 [main] DEBUG org.mybatis.generator.logging.LogFactory - Logging initialized using 'org.mybatis.generator.logging.slf4j.Slf4jLoggingLogFactory@5bcab519' adapter.
2021-12-13 14:54:21.067 [main] DEBUG org.mybatis.generator.internal.db.DatabaseIntrospector - Retrieving column information for table "bm"
2021-12-13 14:54:21.076 [main] DEBUG org.mybatis.generator.internal.db.DatabaseIntrospector - Found column "id", data type 4, in table "managementsystem..bm"
2021-12-13 14:54:21.076 [main] DEBUG org.mybatis.generator.internal.db.DatabaseIntrospector - Found column "branch", data type 12, in table "managementsystem..bm"
2021-12-13 14:54:21.082 [main] DEBUG org.mybatis.generator.internal.db.DatabaseIntrospector - Retrieving column information for table "employee"
2021-12-13 14:54:21.086 [main] DEBUG org.mybatis.generator.internal.db.DatabaseIntrospector - Found column "id", data type 4, in table "managementsystem..employee"
2021-12-13 14:54:21.086 [main] DEBUG org.mybatis.generator.internal.db.DatabaseIntrospector - Found column "name", data type 12, in table "managementsystem..employee"
2021-12-13 14:54:21.086 [main] DEBUG org.mybatis.generator.internal.db.DatabaseIntrospector - Found column "bmid", data type 4, in table "managementsystem..employee"
2021-12-13 14:54:21.086 [main] DEBUG org.mybatis.generator.internal.db.DatabaseIntrospector - Found column "gender", data type 12, in table "managementsystem..employee"
2021-12-13 14:54:21.086 [main] DEBUG org.mybatis.generator.internal.db.DatabaseIntrospector - Found column "age", data type 4, in table "managementsystem..employee"
2021-12-13 14:54:21.086 [main] DEBUG org.mybatis.generator.internal.db.DatabaseIntrospector - Found column "phone", data type 12, in table "managementsystem..employee"
2021-12-13 14:54:21.087 [main] DEBUG org.mybatis.generator.internal.db.DatabaseIntrospector - Found column "addr", data type 12, in table "managementsystem..employee"
2021-12-13 14:55:37.572 [main] DEBUG org.mybatis.generator.logging.LogFactory - Logging initialized using 'org.mybatis.generator.logging.slf4j.Slf4jLoggingLogFactory@5bcab519' adapter.
2021-12-13 14:55:37.574 [main] DEBUG org.mybatis.generator.internal.db.DatabaseIntrospector - Retrieving column information for table "bm"
2021-12-13 14:55:37.583 [main] DEBUG org.mybatis.generator.internal.db.DatabaseIntrospector - Found column "id", data type 4, in table "managementsystem..bm"
2021-12-13 14:55:37.583 [main] DEBUG org.mybatis.generator.internal.db.DatabaseIntrospector - Found column "branch", data type 12, in table "managementsystem..bm"
2021-12-13 14:55:37.589 [main] DEBUG org.mybatis.generator.internal.db.DatabaseIntrospector - Retrieving column information for table "employee"
2021-12-13 14:55:37.593 [main] DEBUG org.mybatis.generator.internal.db.DatabaseIntrospector - Found column "id", data type 4, in table "managementsystem..employee"
2021-12-13 14:55:37.593 [main] DEBUG org.mybatis.generator.internal.db.DatabaseIntrospector - Found column "name", data type 12, in table "managementsystem..employee"
2021-12-13 14:55:37.593 [main] DEBUG org.mybatis.generator.internal.db.DatabaseIntrospector - Found column "bmid", data type 4, in table "managementsystem..employee"
2021-12-13 14:55:37.593 [main] DEBUG org.mybatis.generator.internal.db.DatabaseIntrospector - Found column "gender", data type 12, in table "managementsystem..employee"
2021-12-13 14:55:37.593 [main] DEBUG org.mybatis.generator.internal.db.DatabaseIntrospector - Found column "age", data type 4, in table "managementsystem..employee"
2021-12-13 14:55:37.593 [main] DEBUG org.mybatis.generator.internal.db.DatabaseIntrospector - Found column "phone", data type 12, in table "managementsystem..employee"
2021-12-13 14:55:37.593 [main] DEBUG org.mybatis.generator.internal.db.DatabaseIntrospector - Found column "addr", data type 12, in table "managementsystem..employee"
2021-12-13 14:58:15.960 [main] DEBUG org.mybatis.generator.logging.LogFactory - Logging initialized using 'org.mybatis.generator.logging.slf4j.Slf4jLoggingLogFactory@5bcab519' adapter.
2021-12-13 14:58:15.962 [main] DEBUG org.mybatis.generator.internal.db.DatabaseIntrospector - Retrieving column information for table "bm"
2021-12-13 14:58:15.971 [main] DEBUG org.mybatis.generator.internal.db.DatabaseIntrospector - Found column "id", data type 4, in table "managementsystem..bm"
2021-12-13 14:58:15.971 [main] DEBUG org.mybatis.generator.internal.db.DatabaseIntrospector - Found column "branch", data type 12, in table "managementsystem..bm"
2021-12-13 14:58:15.977 [main] DEBUG org.mybatis.generator.internal.db.DatabaseIntrospector - Retrieving column information for table "employee"
2021-12-13 14:58:15.981 [main] DEBUG org.mybatis.generator.internal.db.DatabaseIntrospector - Found column "id", data type 4, in table "managementsystem..employee"
2021-12-13 14:58:15.982 [main] DEBUG org.mybatis.generator.internal.db.DatabaseIntrospector - Found column "name", data type 12, in table "managementsystem..employee"
2021-12-13 14:58:15.982 [main] DEBUG org.mybatis.generator.internal.db.DatabaseIntrospector - Found column "bmid", data type 4, in table "managementsystem..employee"
2021-12-13 14:58:15.982 [main] DEBUG org.mybatis.generator.internal.db.DatabaseIntrospector - Found column "gender", data type 12, in table "managementsystem..employee"
2021-12-13 14:58:15.982 [main] DEBUG org.mybatis.generator.internal.db.DatabaseIntrospector - Found column "age", data type 4, in table "managementsystem..employee"
2021-12-13 14:58:15.982 [main] DEBUG org.mybatis.generator.internal.db.DatabaseIntrospector - Found column "phone", data type 12, in table "managementsystem..employee"
2021-12-13 14:58:15.982 [main] DEBUG org.mybatis.generator.internal.db.DatabaseIntrospector - Found column "addr", data type 12, in table "managementsystem..employee"
2021-12-13 15:05:45.018 [main] DEBUG org.mybatis.generator.logging.LogFactory - Logging initialized using 'org.mybatis.generator.logging.slf4j.Slf4jLoggingLogFactory@5bcab519' adapter.
2021-12-13 15:05:45.021 [main] DEBUG org.mybatis.generator.internal.db.DatabaseIntrospector - Retrieving column information for table "bm"
2021-12-13 15:05:45.029 [main] DEBUG org.mybatis.generator.internal.db.DatabaseIntrospector - Found column "id", data type 4, in table "managementsystem..bm"
2021-12-13 15:05:45.030 [main] DEBUG org.mybatis.generator.internal.db.DatabaseIntrospector - Found column "branch", data type 12, in table "managementsystem..bm"
2021-12-13 15:05:45.036 [main] DEBUG org.mybatis.generator.internal.db.DatabaseIntrospector - Retrieving column information for table "employee"
2021-12-13 15:05:45.040 [main] DEBUG org.mybatis.generator.internal.db.DatabaseIntrospector - Found column "id", data type 4, in table "managementsystem..employee"
2021-12-13 15:05:45.040 [main] DEBUG org.mybatis.generator.internal.db.DatabaseIntrospector - Found column "name", data type 12, in table "managementsystem..employee"
2021-12-13 15:05:45.040 [main] DEBUG org.mybatis.generator.internal.db.DatabaseIntrospector - Found column "bmid", data type 4, in table "managementsystem..employee"
2021-12-13 15:05:45.040 [main] DEBUG org.mybatis.generator.internal.db.DatabaseIntrospector - Found column "gender", data type 12, in table "managementsystem..employee"
2021-12-13 15:05:45.040 [main] DEBUG org.mybatis.generator.internal.db.DatabaseIntrospector - Found column "age", data type 4, in table "managementsystem..employee"
2021-12-13 15:05:45.040 [main] DEBUG org.mybatis.generator.internal.db.DatabaseIntrospector - Found column "phone", data type 12, in table "managementsystem..employee"
2021-12-13 15:05:45.041 [main] DEBUG org.mybatis.generator.internal.db.DatabaseIntrospector - Found column "addr", data type 12, in table "managementsystem..employee"
2021-12-13 15:15:32.214 [main] DEBUG org.mybatis.generator.logging.LogFactory - Logging initialized using 'org.mybatis.generator.logging.slf4j.Slf4jLoggingLogFactory@3159c4b8' adapter.
2021-12-13 15:15:32.216 [main] DEBUG org.mybatis.generator.internal.db.DatabaseIntrospector - Retrieving column information for table "bm"
2021-12-13 15:15:32.228 [main] DEBUG org.mybatis.generator.internal.db.DatabaseIntrospector - Found column "id", data type 4, in table "managementsystem..bm"
2021-12-13 15:15:32.228 [main] DEBUG org.mybatis.generator.internal.db.DatabaseIntrospector - Found column "branch", data type 12, in table "managementsystem..bm"
2021-12-13 15:15:32.232 [main] DEBUG org.mybatis.generator.internal.db.DatabaseIntrospector - Retrieving column information for table "employee"
2021-12-13 15:15:32.236 [main] DEBUG org.mybatis.generator.internal.db.DatabaseIntrospector - Found column "id", data type 4, in table "managementsystem..employee"
2021-12-13 15:15:32.236 [main] DEBUG org.mybatis.generator.internal.db.DatabaseIntrospector - Found column "name", data type 12, in table "managementsystem..employee"
2021-12-13 15:15:32.236 [main] DEBUG org.mybatis.generator.internal.db.DatabaseIntrospector - Found column "bmid", data type 4, in table "managementsystem..employee"
2021-12-13 15:15:32.236 [main] DEBUG org.mybatis.generator.internal.db.DatabaseIntrospector - Found column "gender", data type 12, in table "managementsystem..employee"
2021-12-13 15:15:32.236 [main] DEBUG org.mybatis.generator.internal.db.DatabaseIntrospector - Found column "age", data type 4, in table "managementsystem..employee"
2021-12-13 15:15:32.236 [main] DEBUG org.mybatis.generator.internal.db.DatabaseIntrospector - Found column "phone", data type 12, in table "managementsystem..employee"
2021-12-13 15:15:32.236 [main] DEBUG org.mybatis.generator.internal.db.DatabaseIntrospector - Found column "addr", data type 12, in table "managementsystem..employee"
2021-12-13 15:16:08.090 [main] DEBUG org.mybatis.generator.logging.LogFactory - Logging initialized using 'org.mybatis.generator.logging.slf4j.Slf4jLoggingLogFactory@5bcab519' adapter.
2021-12-13 15:16:08.092 [main] DEBUG org.mybatis.generator.internal.db.DatabaseIntrospector - Retrieving column information for table "bm"
2021-12-13 15:16:08.100 [main] DEBUG org.mybatis.generator.internal.db.DatabaseIntrospector - Found column "id", data type 4, in table "managementsystem..bm"
2021-12-13 15:16:08.101 [main] DEBUG org.mybatis.generator.internal.db.DatabaseIntrospector - Found column "branch", data type 12, in table "managementsystem..bm"
2021-12-13 15:16:08.107 [main] DEBUG org.mybatis.generator.internal.db.DatabaseIntrospector - Retrieving column information for table "employee"
2021-12-13 15:16:08.110 [main] DEBUG org.mybatis.generator.internal.db.DatabaseIntrospector - Found column "id", data type 4, in table "managementsystem..employee"
2021-12-13 15:16:08.111 [main] DEBUG org.mybatis.generator.internal.db.DatabaseIntrospector - Found column "name", data type 12, in table "managementsystem..employee"
2021-12-13 15:16:08.111 [main] DEBUG org.mybatis.generator.internal.db.DatabaseIntrospector - Found column "bmid", data type 4, in table "managementsystem..employee"
2021-12-13 15:16:08.111 [main] DEBUG org.mybatis.generator.internal.db.DatabaseIntrospector - Found column "gender", data type 12, in table "managementsystem..employee"
2021-12-13 15:16:08.111 [main] DEBUG org.mybatis.generator.internal.db.DatabaseIntrospector - Found column "age", data type 4, in table "managementsystem..employee"
2021-12-13 15:16:08.111 [main] DEBUG org.mybatis.generator.internal.db.DatabaseIntrospector - Found column "phone", data type 12, in table "managementsystem..employee"
2021-12-13 15:16:08.111 [main] DEBUG org.mybatis.generator.internal.db.DatabaseIntrospector - Found column "addr", data type 12, in table "managementsystem..employee"
2021-12-13 15:23:22.118 [main] DEBUG org.mybatis.generator.logging.LogFactory - Logging initialized using 'org.mybatis.generator.logging.slf4j.Slf4jLoggingLogFactory@5bcab519' adapter.
2021-12-13 15:23:22.120 [main] DEBUG org.mybatis.generator.internal.db.DatabaseIntrospector - Retrieving column information for table "bm"
2021-12-13 15:23:22.128 [main] DEBUG org.mybatis.generator.internal.db.DatabaseIntrospector - Found column "id", data type 4, in table "managementsystem..bm"
2021-12-13 15:23:22.129 [main] DEBUG org.mybatis.generator.internal.db.DatabaseIntrospector - Found column "branch", data type 12, in table "managementsystem..bm"
2021-12-13 15:23:22.134 [main] DEBUG org.mybatis.generator.internal.db.DatabaseIntrospector - Retrieving column information for table "employee"
2021-12-13 15:23:22.138 [main] DEBUG org.mybatis.generator.internal.db.DatabaseIntrospector - Found column "id", data type 4, in table "managementsystem..employee"
2021-12-13 15:23:22.138 [main] DEBUG org.mybatis.generator.internal.db.DatabaseIntrospector - Found column "name", data type 12, in table "managementsystem..employee"
2021-12-13 15:23:22.138 [main] DEBUG org.mybatis.generator.internal.db.DatabaseIntrospector - Found column "bmid", data type 4, in table "managementsystem..employee"
2021-12-13 15:23:22.138 [main] DEBUG org.mybatis.generator.internal.db.DatabaseIntrospector - Found column "gender", data type 12, in table "managementsystem..employee"
2021-12-13 15:23:22.139 [main] DEBUG org.mybatis.generator.internal.db.DatabaseIntrospector - Found column "age", data type 4, in table "managementsystem..employee"
2021-12-13 15:23:22.139 [main] DEBUG org.mybatis.generator.internal.db.DatabaseIntrospector - Found column "phone", data type 12, in table "managementsystem..employee"
2021-12-13 15:23:22.139 [main] DEBUG org.mybatis.generator.internal.db.DatabaseIntrospector - Found column "addr", data type 12, in table "managementsystem..employee"
2021-12-13 15:24:05.007 [main] DEBUG org.mybatis.generator.logging.LogFactory - Logging initialized using 'org.mybatis.generator.logging.slf4j.Slf4jLoggingLogFactory@5bcab519' adapter.
2021-12-13 15:24:05.009 [main] DEBUG org.mybatis.generator.internal.db.DatabaseIntrospector - Retrieving column information for table "bm"
2021-12-13 15:24:05.017 [main] DEBUG org.mybatis.generator.internal.db.DatabaseIntrospector - Found column "id", data type 4, in table "managementsystem..bm"
2021-12-13 15:24:05.018 [main] DEBUG org.mybatis.generator.internal.db.DatabaseIntrospector - Found column "branch", data type 12, in table "managementsystem..bm"
2021-12-13 15:24:05.024 [main] DEBUG org.mybatis.generator.internal.db.DatabaseIntrospector - Retrieving column information for table "employee"
2021-12-13 15:24:05.027 [main] DEBUG org.mybatis.generator.internal.db.DatabaseIntrospector - Found column "id", data type 4, in table "managementsystem..employee"
2021-12-13 15:24:05.028 [main] DEBUG org.mybatis.generator.internal.db.DatabaseIntrospector - Found column "name", data type 12, in table "managementsystem..employee"
2021-12-13 15:24:05.028 [main] DEBUG org.mybatis.generator.internal.db.DatabaseIntrospector - Found column "bmid", data type 4, in table "managementsystem..employee"
2021-12-13 15:24:05.028 [main] DEBUG org.mybatis.generator.internal.db.DatabaseIntrospector - Found column "gender", data type 12, in table "managementsystem..employee"
2021-12-13 15:24:05.028 [main] DEBUG org.mybatis.generator.internal.db.DatabaseIntrospector - Found column "age", data type 4, in table "managementsystem..employee"
2021-12-13 15:24:05.028 [main] DEBUG org.mybatis.generator.internal.db.DatabaseIntrospector - Found column "phone", data type 12, in table "managementsystem..employee"
2021-12-13 15:24:05.028 [main] DEBUG org.mybatis.generator.internal.db.DatabaseIntrospector - Found column "addr", data type 12, in table "managementsystem..employee"
